2022-01-14 11:37:51,288:INFO:Initializing load_model()
2022-01-14 11:37:51,288:INFO:load_model(model_name=model, platform=None, authentication=None, verbose=True)
2022-01-14 11:42:51,654:INFO:Initializing load_model()
2022-01-14 11:42:51,662:INFO:load_model(model_name=model, platform=None, authentication=None, verbose=True)
2022-01-14 11:43:09,320:INFO:Initializing load_model()
2022-01-14 11:43:09,321:INFO:load_model(model_name=model, platform=None, authentication=None, verbose=True)
2022-01-14 11:43:10,682:INFO:Initializing load_model()
2022-01-14 11:43:10,683:INFO:load_model(model_name=model, platform=None, authentication=None, verbose=True)
2022-01-14 11:43:11,044:INFO:Initializing load_model()
2022-01-14 11:43:11,045:INFO:load_model(model_name=model, platform=None, authentication=None, verbose=True)
2022-01-14 11:43:11,338:INFO:Initializing load_model()
2022-01-14 11:43:11,338:INFO:load_model(model_name=model, platform=None, authentication=None, verbose=True)
2022-01-14 11:43:11,566:INFO:Initializing load_model()
2022-01-14 11:43:11,570:INFO:load_model(model_name=model, platform=None, authentication=None, verbose=True)
2022-01-14 11:43:11,986:INFO:Initializing load_model()
2022-01-14 11:43:11,987:INFO:load_model(model_name=model, platform=None, authentication=None, verbose=True)
2022-01-14 11:43:12,118:INFO:Initializing load_model()
2022-01-14 11:43:12,119:INFO:load_model(model_name=model, platform=None, authentication=None, verbose=True)
2022-01-14 11:43:12,518:INFO:Initializing load_model()
2022-01-14 11:43:12,519:INFO:load_model(model_name=model, platform=None, authentication=None, verbose=True)
2022-01-14 11:43:12,651:INFO:Initializing load_model()
2022-01-14 11:43:12,653:INFO:load_model(model_name=model, platform=None, authentication=None, verbose=True)
2022-01-14 11:43:13,786:INFO:Initializing load_model()
2022-01-14 11:43:13,788:INFO:load_model(model_name=model, platform=None, authentication=None, verbose=True)
2022-01-14 11:43:14,045:INFO:Initializing load_model()
2022-01-14 11:43:14,046:INFO:load_model(model_name=model, platform=None, authentication=None, verbose=True)
2022-01-14 11:43:14,314:INFO:Initializing load_model()
2022-01-14 11:43:14,314:INFO:load_model(model_name=model, platform=None, authentication=None, verbose=True)
2022-01-14 11:43:16,873:INFO:Initializing load_model()
2022-01-14 11:43:16,873:INFO:load_model(model_name=model, platform=None, authentication=None, verbose=True)
2022-01-14 11:43:27,420:INFO:Initializing load_model()
2022-01-14 11:43:27,421:INFO:load_model(model_name=model, platform=None, authentication=None, verbose=True)
2022-01-14 11:43:27,478:INFO:Initializing predict_model()
2022-01-14 11:43:27,480:INFO:predict_model(estimator=Pipeline(steps=[('dtypes',
                 DataTypes_Auto_infer(ml_usecase='classification',
                                      numerical_features=['yearsAtCompany'],
                                      target='turnover')),
                ('imputer',
                 Simple_Imputer(categorical_strategy='not_available',
                                fill_value_categorical=None,
                                fill_value_numerical=None,
                                numeric_strategy='mean',
                                target_variable=None)),
                ('new_levels1',
                 New_Catagorical_Levels_in_TestData(rep...
                ('rem_outliers', 'passthrough'), ('cluster_all', 'passthrough'),
                ('dummy', Dummify(target='turnover')),
                ('fix_perfect', Remove_100(target='turnover')),
                ('clean_names', Clean_Colum_Names()),
                ('feature_select', 'passthrough'), ('fix_multi', 'passthrough'),
                ('dfs', 'passthrough'), ('pca', 'passthrough'),
                ['trained_model',
                 GradientBoostingClassifier(random_state=7014)]]), probability_threshold=None, encoded_labels=False, drift_report=False, raw_score=False, round=4, verbose=True, ml_usecase=MLUsecase.CLASSIFICATION, display=None)
2022-01-14 11:43:27,480:INFO:Checking exceptions
2022-01-14 11:43:27,481:INFO:Preloading libraries
2022-01-14 11:43:45,515:INFO:Initializing load_model()
2022-01-14 11:43:45,517:INFO:load_model(model_name=model, platform=None, authentication=None, verbose=True)
2022-01-14 11:43:46,249:INFO:Initializing load_model()
2022-01-14 11:43:47,154:INFO:load_model(model_name=model, platform=None, authentication=None, verbose=True)
2022-01-14 11:43:47,239:INFO:Initializing load_model()
2022-01-14 11:43:47,241:INFO:load_model(model_name=model, platform=None, authentication=None, verbose=True)
2022-01-14 11:43:47,356:INFO:Initializing predict_model()
2022-01-14 11:43:47,357:INFO:predict_model(estimator=Pipeline(steps=[('dtypes',
                 DataTypes_Auto_infer(ml_usecase='classification',
                                      numerical_features=['yearsAtCompany'],
                                      target='turnover')),
                ('imputer',
                 Simple_Imputer(categorical_strategy='not_available',
                                fill_value_categorical=None,
                                fill_value_numerical=None,
                                numeric_strategy='mean',
                                target_variable=None)),
                ('new_levels1',
                 New_Catagorical_Levels_in_TestData(rep...
                ('rem_outliers', 'passthrough'), ('cluster_all', 'passthrough'),
                ('dummy', Dummify(target='turnover')),
                ('fix_perfect', Remove_100(target='turnover')),
                ('clean_names', Clean_Colum_Names()),
                ('feature_select', 'passthrough'), ('fix_multi', 'passthrough'),
                ('dfs', 'passthrough'), ('pca', 'passthrough'),
                ['trained_model',
                 GradientBoostingClassifier(random_state=7014)]]), probability_threshold=None, encoded_labels=False, drift_report=False, raw_score=False, round=4, verbose=True, ml_usecase=MLUsecase.CLASSIFICATION, display=None)
2022-01-14 11:43:47,357:INFO:Checking exceptions
2022-01-14 11:43:47,358:INFO:Preloading libraries
2022-01-14 11:43:48,515:INFO:Initializing load_model()
2022-01-14 11:43:48,516:INFO:load_model(model_name=model, platform=None, authentication=None, verbose=True)
2022-01-14 11:43:55,516:INFO:Initializing load_model()
2022-01-14 11:43:55,516:INFO:load_model(model_name=model, platform=None, authentication=None, verbose=True)
2022-01-14 11:43:59,138:INFO:Initializing load_model()
2022-01-14 11:43:59,139:INFO:load_model(model_name=model, platform=None, authentication=None, verbose=True)
2022-01-14 11:43:59,205:INFO:Initializing predict_model()
2022-01-14 11:43:59,206:INFO:predict_model(estimator=Pipeline(steps=[('dtypes',
                 DataTypes_Auto_infer(ml_usecase='classification',
                                      numerical_features=['yearsAtCompany'],
                                      target='turnover')),
                ('imputer',
                 Simple_Imputer(categorical_strategy='not_available',
                                fill_value_categorical=None,
                                fill_value_numerical=None,
                                numeric_strategy='mean',
                                target_variable=None)),
                ('new_levels1',
                 New_Catagorical_Levels_in_TestData(rep...
                ('rem_outliers', 'passthrough'), ('cluster_all', 'passthrough'),
                ('dummy', Dummify(target='turnover')),
                ('fix_perfect', Remove_100(target='turnover')),
                ('clean_names', Clean_Colum_Names()),
                ('feature_select', 'passthrough'), ('fix_multi', 'passthrough'),
                ('dfs', 'passthrough'), ('pca', 'passthrough'),
                ['trained_model',
                 GradientBoostingClassifier(random_state=7014)]]), probability_threshold=None, encoded_labels=False, drift_report=False, raw_score=False, round=4, verbose=True, ml_usecase=MLUsecase.CLASSIFICATION, display=None)
2022-01-14 11:43:59,206:INFO:Checking exceptions
2022-01-14 11:43:59,207:INFO:Preloading libraries
